C251 COMPILER V5.60.0,  image                                                              02/07/26  22:44:00  PAGE 1   


C251 COMPILER V5.60.0, COMPILATION OF MODULE image
OBJECT MODULE PLACED IN .\out_file\image.obj
COMPILER INVOKED BY: C:\DAN\keli 51\C251\BIN\C251.EXE ..\code\image.c LARGE ROM(HUGE) WARNINGLEVEL(3) OPTIMIZE(SIZE) BRO
                    -WSE INCDIR(..\..\libraries\zf_common;..\..\libraries\zf_components;..\..\libraries\zf_device;..\..\libraries\zf_driver;.
                    -.\user;..\code;..\..\libraries\zf_components\stc32g_usb_lib;..\..\libraries\zf_components\seekfree_assistant) DEBUG PRIN
                    -T(.\out_file\image.lst) OBJECT(.\out_file\image.obj) 

stmt  level    source

    1          #include "image.h"
    2          
    3          // 图像备份数组，在发送前将图像备份再进行发送，这样可以避免图像出现撕裂的问题
    4          uint8 far image_copy[MT9V03X_H][MT9V03X_W];
    5          
    6          uint16 get_contrast(uint8 temp1,uint8 temp2)
    7          {
    8   1          int16 diff = (int16)temp1 - (int16)temp2;
    9   1          return  (uint16)((diff < 0 ? -diff : diff) * 200 / (temp1 + temp2 + 1)); 
   10   1      }
   11          
   12          
   13          //！！！！！！！！！！！！两个uint8 是绝对不能乘在一起的要不然直接爆！！！！！！！！！！
   14          //寻找参考点  图像底部遍历
   15          uint8 reference_point;          //参考点
   16          uint8 white_max_point;          //白点最大
   17          uint8 white_min_point;          //白点最小
   18          void get_reference_point(const uint8 *image)
   19          {
   20   1              uint16 i;
   21   1              uint8 *p= image+(SEARCH_IMAGE_H-REFRENCE_ROW)*SEARCH_IMAGE_W;//指针指向遍历区域的头指针
   22   1              uint16 temp =0;//保存统计点的总数量
   23   1              uint32 tempSum=0;//保存所有统计点的和
   24   1              temp = REFRENCE_ROW * SEARCH_IMAGE_W;//计算统计点总数
   25   1              for(i=0;i<temp;i++){
   26   2                      tempSum+= *(p+i);//统计点求和
   27   2              }
   28   1              reference_point = (uint8)(tempSum/temp);//计算点的平均值，作为图像的参考点
   29   1              //根据参考点找最大最小白点的值
   30   1              white_max_point = (uint8)func_limit_ab(reference_point*WHITE_MAX_MUL/10,BALACK_POINT,230);
   31   1              white_min_point = (uint8)func_limit_ab(reference_point*WHITE_MIN_MUL/10,BALACK_POINT,230);
   32   1      }
   33          
   34          
   35          
   36          uint8 refenence_col_line[SEARCH_IMAGE_H];       //图传
   37          uint8 reference_contrast_ratio = 32;            //对比度阈值
   38          uint8 reference_col;                                            //参考列
   39          void Search_reference_col(const uint8 *image)
   40          {
   41   1              uint8 col,row,temp1,temp2,i;
   42   1              uint8 globe_remote=120,globe_remote_min=120; //临时全局变量每列最小,记录全局列最小
   43   1              uint16 contrast=0;
   44   1              reference_col = SEARCH_IMAGE_W / 2;
   45   1      
   46   1              //几列几列像右   从下向上
   47   1              for(col=0;col<SEARCH_IMAGE_W;col+=PIXEL_OFFSET)
   48   1              {
   49   2                      globe_remote=120;//还原
   50   2                      for(row =SEARCH_IMAGE_H-1;row>PIXEL_OFFSET;row-=PIXEL_OFFSET)
   51   2                      {
   52   3                              temp1 =*(image + row*SEARCH_IMAGE_W+col);                  //当前点灰度值
   53   3                              temp2 =*(image + (row-PIXEL_OFFSET) * SEARCH_IMAGE_W +col);//获取对比点灰度值
   54   3      
   55   3                              if(temp2 > white_max_point)//为白点直接下一次循环
   56   3                              {
C251 COMPILER V5.60.0,  image                                                              02/07/26  22:44:00  PAGE 2   

   57   4                                      continue;
   58   4                              }
   59   3                                      
   60   3                              else if(temp1 < white_min_point)//判定为黑点
   61   3                              {
   62   4                                      if(globe_remote>row)
   63   4                                              globe_remote=row;
   64   4                                      break;
   65   4                              }
   66   3                              
   67   3                              contrast = get_contrast(temp1,temp2);   //对比度就是差比和
   68   3                              
   69   3                              if(contrast > reference_contrast_ratio || row == STOP_ROW)//如果大于这个值,就判定为边界点
   70   3                              {
   71   4                                      if(globe_remote>row)
   72   4                                              globe_remote=row;
   73   4                              }
   74   3      
   75   3                      }       
   76   2                              //每一行结束再更新
   77   2                              if(globe_remote<globe_remote_min)
   78   2                              {
   79   3                                      globe_remote_min=globe_remote;
   80   3                                      reference_col= col;//找到最小值，就是最远端白色值
   81   3                              }
   82   2                                      
   83   2              }
   84   1              
   85   1              //比赛记得关了  只是用来图传的
   86   1              for(i=0 ;i<SEARCH_IMAGE_H;i++)//赋值给数组来画出那一列
   87   1                      refenence_col_line[i] = reference_col;
   88   1              
   89   1      }
   90          
   91          
   92          
   93          uint8 left_edge_line [SEARCH_IMAGE_H];          //左边线存储数组
   94          uint8 right_edge_line[SEARCH_IMAGE_H];          //右边线存储数组
   95          uint8 mid_line[SEARCH_IMAGE_H];                         //中线数组
   96          uint8 lost_left,lost_right;                 //左丢线和右丢线
   97          void Search_line(const uint8 *image)
   98          {
   99   1              const uint8 *p = image;                                                         //图像指针
  100   1              uint8 row_max = SEARCH_IMAGE_H -1;                                      //行最大值
  101   1              uint8 row_min = STOP_ROW;
  102   1              uint8 col_max = SEARCH_IMAGE_W - 1;
  103   1              uint8 col_min = 0;
  104   1              
  105   1              uint8 left_start_col  = reference_col;                  //搜线左起始列
  106   1              uint8 right_start_col = reference_col+10;               //搜线右起始列  ！！！要改！！！
  107   1              uint8 left_end_col   = col_min;                                 //搜线左终止列
  108   1              uint8 right_end_col  = SEARCH_IMAGE_W-1;                //搜线右终止列  
  109   1      
  110   1              uint8 search_time;                                                                      //单点搜线次数(不行了可以搜索两次)
  111   1              uint8 temp1,temp2;                                                              //存储图像数据
  112   1              int16 contrast;                                                                 //对比度
  113   1              
  114   1              uint8 left_stop=0,right_stop=0,stop_point=0;                    //搜线自锁变量
  115   1              uint8 col,row;
  116   1              
  117   1              lost_left=STOP_ROW;
  118   1              lost_right=STOP_ROW;//丢线默认是不丢线
  119   1              for(row = row_max;row >= row_min;row -- )
  120   1              {
  121   2                      left_edge_line[row]  = 0;
  122   2                      right_edge_line[row] = SEARCH_IMAGE_W-1;
C251 COMPILER V5.60.0,  image                                                              02/07/26  22:44:00  PAGE 3   

  123   2              }
  124   1              //o_O("1.for");
  125   1              
  126   1              //对每一行进行遍历，从最底部开始
  127   1              for(row = row_max;  row >= row_min; row-=PIXEL_OFFSET)
  128   1              {
  129   2                      p=image + row * SEARCH_IMAGE_W;//获取本行起始指针
  130   2                      if(!left_stop)//左边搜线
  131   2                      {
  132   3                              search_time =2;
  133   3                              do
  134   3                              {
  135   4                                      if(search_time == 1)
  136   4                                      {
  137   5                                              left_start_col  = reference_col;
  138   5                                              left_end_col    = col_min;
  139   5                                      }
  140   4                                      search_time--;
  141   4                                      //从参考列向左边界搜索
  142   4                                      for(col = left_start_col;col > left_end_col+PIXEL_OFFSET;col-=PIXEL_OFFSET)
  143   4                                      {
  144   5                                              temp1 = *( p + col );                           //当前点的灰度(右)
  145   5                                              temp2 = *( p + col-PIXEL_OFFSET);       //向左下一个的灰度
  146   5      
  147   5                                              //如果是参考列点小于黑点阈值,直接终止左边界的寻找后面的点都赋值为左边界
  148   5                                              if(temp1 < white_min_point && col == left_start_col && left_start_col == reference_col)
  149   5                                              {
  150   6                                                      left_stop =1;
  151   6                                                      search_time=0;//(杀死比赛)
  152   6                                                      //往上的都直接赋值成边界
  153   6                                                      for(stop_point = row;stop_point>1;stop_point--)
  154   6                                                      {
  155   7                                                              left_edge_line[stop_point] = col_min;//左边界
  156   7                                                      }
  157   6                                                      lost_left=row;  //丢线赋值
  158   6                                                      break;
  159   6                                              }
  160   5                                              //黑色直接赋值+跳出循环
  161   5                                              if(temp1 < white_min_point)
  162   5                                              {                                               
  163   6                                                      left_edge_line[row]=col;                                                
  164   6                                                      break;
  165   6                                              }
  166   5                                              //白色,直接continue
  167   5                                              if(temp2 > white_max_point)
  168   5                                              {
  169   6                                                      continue;
  170   6                                              }
  171   5                                              //计算对比度
  172   5                                              contrast = get_contrast(temp1,temp2);   //对比度就是差比和
  173   5                                              
  174   5                                              if(contrast > reference_contrast_ratio || col == col_min)
  175   5                                              {
  176   6                                                      left_edge_line[row]=col;
  177   6                                                      left_start_col = (uint8)func_limit_ab(col+SEARCH_RANGE,col,col_max);
  178   6                                                      left_end_col   = (uint8)func_limit_ab(col-SEARCH_RANGE,col_min,col);//更新起始和终止
  179   6                                                      search_time =0;
  180   6                                                      break;
  181   6                                              }
  182   5                                      }
  183   4                              }while(search_time);
  184   3                      }
  185   2                      
  186   2                      if(!right_stop)//直接和左边对称
  187   2                      {
  188   3                              search_time =2;
C251 COMPILER V5.60.0,  image                                                              02/07/26  22:44:00  PAGE 4   

  189   3                              do
  190   3                              {
  191   4                                      if(search_time == 1)
  192   4                                      {
  193   5                                              right_start_col  = reference_col;
  194   5                                              right_end_col    = col_max;
  195   5                                      }
  196   4                                      search_time--;
  197   4                                      //从参考点向左边界搜索
  198   4                                      for(col = right_start_col;col <=right_end_col-PIXEL_OFFSET;col+=PIXEL_OFFSET)
  199   4                                      {
  200   5                                              temp1 = *( p + col );                           //当前点的灰度
  201   5                                              temp2 = *( p + col + PIXEL_OFFSET);     //向右下一个的灰度(右)
  202   5      
  203   5                                              //如果是参考列点小于黑点阈值,直接终止左边界的寻找后面的点都赋值为左边界
  204   5                                              if(temp1 < white_min_point && col == right_start_col && right_start_col == reference_col)
  205   5                                              {
  206   6                                                      right_stop =1;
  207   6                                                      search_time=0;//(杀死比赛)
  208   6                                                      //往上的都直接赋值成边界
  209   6                                                      for(stop_point=row;stop_point>row_min;stop_point--)
  210   6                                                      {
  211   7                                                              right_edge_line[stop_point] = SEARCH_IMAGE_W-1;//左边界
  212   7                                                      }
  213   6                                                      lost_right=row; //丢线赋值
  214   6                                                      break;
  215   6                                              }
  216   5                                              //黑色直接赋值+跳出循环
  217   5                                              if(temp1 < white_min_point)
  218   5                                              {
  219   6      
  220   6                                                      right_edge_line[row]=col;
  221   6                                                      break;
  222   6                                              }
  223   5                                              //白色,直接continue
  224   5                                              if(temp2 > white_max_point)
  225   5                                              {
  226   6                                                      continue;
  227   6                                              }
  228   5                                              //计算对比度
  229   5                                              contrast = get_contrast(temp1,temp2);
  230   5                                              if(contrast > reference_contrast_ratio || col >= col_max - PIXEL_OFFSET)
  231   5                                              {
  232   6                                                      
  233   6                                                      right_edge_line[row]=col;
  234   6                                                      right_start_col = (uint8)func_limit_ab(col-SEARCH_RANGE,col_min,col);
  235   6                                                      right_end_col   = (uint8)func_limit_ab(col+SEARCH_RANGE,col,col_max);//更新起始和终止
  236   6                                                      search_time =0;
  237   6                                                      break;
  238   6                                              }
  239   5                                      }
  240   4                              }while(search_time);
  241   3                      }               
  242   2              }
  243   1              
  244   1              //收完之后插值
  245   1              insert_val();
  246   1              //复制数组
  247   1              memcpy(left_control_line, left_edge_line, sizeof(left_edge_line)); 
  248   1              memcpy(right_control_line,right_edge_line, sizeof(right_edge_line)); 
  249   1      }
  250          
  251          //插值函数
  252          void insert_val(void)
  253          {
  254   1              uint8 i,j;
C251 COMPILER V5.60.0,  image                                                              02/07/26  22:44:00  PAGE 5   

  255   1              uint8 front_p,cur_p;//存找到的点
  256   1              uint8 step;
  257   1              //左边插值
  258   1              front_p=left_edge_line[SEARCH_IMAGE_H-1];
  259   1              for(i = SEARCH_IMAGE_H-PIXEL_OFFSET-1;i>= STOP_ROW;i-=PIXEL_OFFSET){
  260   2                      cur_p=left_edge_line[i];
  261   2                      if(cur_p >= front_p){
  262   3                              step=(cur_p-front_p+PIXEL_OFFSET-1)/PIXEL_OFFSET;//向上取整
  263   3                              for(j=1;j<PIXEL_OFFSET;j++){
  264   4                                      left_edge_line[i-j+PIXEL_OFFSET]=front_p+step*j;
  265   4                              }                               
  266   3                      }
  267   2                      else{
  268   3                              step=(front_p-cur_p+PIXEL_OFFSET-1)/PIXEL_OFFSET;
  269   3                              for(j=1;j<PIXEL_OFFSET;j++){
  270   4                                      left_edge_line[i-j+PIXEL_OFFSET]=front_p-step*j;
  271   4                              }
  272   3                      }
  273   2                      front_p=cur_p;//更新值
  274   2              }
  275   1              
  276   1              //右边插值
  277   1              front_p=right_edge_line[SEARCH_IMAGE_H-1];
  278   1              for(i = SEARCH_IMAGE_H-PIXEL_OFFSET-1;i>= STOP_ROW;i-=PIXEL_OFFSET){
  279   2                      cur_p=right_edge_line[i];
  280   2                      if(cur_p >= front_p){
  281   3                              step=(cur_p-front_p+PIXEL_OFFSET-1)/PIXEL_OFFSET;
  282   3                              for(j=1;j<PIXEL_OFFSET;j++){
  283   4                                      right_edge_line[i-j+PIXEL_OFFSET]=front_p+j*step;
  284   4                              }                               
  285   3                      }
  286   2                      else{
  287   3                              step=(front_p-cur_p+PIXEL_OFFSET-1)/PIXEL_OFFSET;
  288   3                              for(j=1;j<PIXEL_OFFSET;j++){
  289   4                                      right_edge_line[i-j+PIXEL_OFFSET]=front_p-j*step;
  290   4                              }
  291   3                      }
  292   2                      front_p=cur_p;
  293   2              }
  294   1      }
  295          
  296          //合并中线
  297          void Fitted_Midline(void)
  298          {
  299   1              uint8 i;
  300   1              for(i=0;i<119;i++){
  301   2                      mid_line[i]=(left_control_line[i]+right_control_line[i])>>1;
  302   2              }
  303   1      }
  304          
  305          int32 err_sum=0;
  306          void Error_sum(void)
  307          {
  308   1              uint8 i;
  309   1          int32 err1;
  310   1          int32 err2;
  311   1          int32 err3;
  312   1      
  313   1              for(i=8;i<28;i++){
  314   2                      err1+=mid_line[i];
  315   2              }
  316   1              err1/=20;
  317   1              for(i=28;i<89;i++){
  318   2                      err2+=mid_line[i];
  319   2              }
  320   1              err2/=60;
C251 COMPILER V5.60.0,  image                                                              02/07/26  22:44:00  PAGE 6   

  321   1              for(i=89;i<111;i++){
  322   2                      err3+=mid_line[i];
  323   2              }
  324   1              err3/=30;
  325   1              
  326   1              // 2:5:3
  327   1          err_sum = (err1 * 20 + err2 * 50 + err3 * 30) / 100;
  328   1      }
  329          
  330          
  331          void straightAccelerate(void)
  332          {
  333   1              uint8 isContinue_left,isContinue_right;
  334   1              isContinue_left=isContinueLine(left_edge_line);
  335   1              isContinue_right=isContinueLine(right_edge_line);
  336   1      
  337   1              if((isContinue_left && isContinue_right) )
  338   1              {
  339   2                      Buzzer_On();
  340   2                      servo_pidf.kp=15;
  341   2              }
  342   1              else 
  343   1              {
  344   2                      Buzzer_Off();
  345   2                      servo_pidf.kp=70;
  346   2              }
  347   1              
  348   1              
  349   1      }
  350          
  351          
  352          
  353          
  354          
  355          
*** WARNING C183 IN LINE 22 OF ..\code\image.c: dead assignment eliminated
*** WARNING C183 IN LINE 24 OF ..\code\image.c: dead assignment eliminated
*** WARNING C183 IN LINE 43 OF ..\code\image.c: dead assignment eliminated
*** WARNING C184 IN LINE 314 OF ..\code\image.c: value of 'err1' possibly undefined
*** WARNING C184 IN LINE 318 OF ..\code\image.c: value of 'err2' possibly undefined
*** WARNING C184 IN LINE 322 OF ..\code\image.c: value of 'err3' possibly undefined


Module Information          Static   Overlayable
------------------------------------------------
  code size            =    ------     ------
  ecode size           =      2260     ------
  data size            =    ------     ------
  idata size           =    ------     ------
  pdata size           =    ------     ------
  xdata size           =       491         26
  xdata-const size     =    ------     ------
  edata size           =    ------     ------
  bit size             =    ------     ------
  ebit size            =    ------     ------
  bitaddressable size  =    ------     ------
  ebitaddressable size =    ------     ------
  far data size        =     22560     ------
  huge data size       =    ------     ------
  const size           =    ------     ------
  hconst size          =        15     ------
End of Module Information.


C251 COMPILATION COMPLETE.  6 WARNING(S),  0 ERROR(S)
