C251 COMPILER V5.60.0,  PID                                                                02/07/26  22:44:01  PAGE 1   


C251 COMPILER V5.60.0, COMPILATION OF MODULE PID
OBJECT MODULE PLACED IN .\out_file\PID.obj
COMPILER INVOKED BY: C:\DAN\keli 51\C251\BIN\C251.EXE ..\code\PID.c LARGE ROM(HUGE) WARNINGLEVEL(3) OPTIMIZE(SIZE) BROWS
                    -E INCDIR(..\..\libraries\zf_common;..\..\libraries\zf_components;..\..\libraries\zf_device;..\..\libraries\zf_driver;..\
                    -user;..\code;..\..\libraries\zf_components\stc32g_usb_lib;..\..\libraries\zf_components\seekfree_assistant) DEBUG PRINT(
                    -.\out_file\PID.lst) OBJECT(.\out_file\PID.obj) 

stmt  level    source

    1          #include "PID.h"
    2          
    3          volatile uint16 Out_servo = SERVO_DUTY_MID;
    4          
    5          uint8 clamp_u8(int16 x, uint8 min_v, uint8 max_v)
    6          {
    7   1          if (x < min_v) return min_v;
    8   1          if (x > max_v) return max_v;
    9   1          return (uint8)x;
   10   1      }
   11          
   12          /* 限制输出范围的函数 */
   13          float limit_float(float x, float min, float max)
   14          {
   15   1          if (x > max) return max;
   16   1          if (x < min) return min;
   17   1          return x;
   18   1      }
   19          
   20          
   21          volatile PID_tf pid_rf = {25.0, 4.0, 0.0, 0.0, 0.0, 0.0, 0.0, 0.0};
   22          volatile PID_tf pid_lf = {25.0, 4.0, 0.0, 0.0, 0.0, 0.0, 0.0, 0.0};
   23          /* 后轮增量式 PID */
   24          void Increment_PIDf(volatile PID_tf *pid, float tar_val, float act_val)
   25          {
   26   1          float error;
   27   1          float d_err;
   28   1          float dd_err;
   29   1          float delta;
   30   1          float new_out;
   31   1      
   32   1          // 计算误差
   33   1          error = tar_val - act_val;
   34   1      
   35   1          // 计算误差变化量
   36   1          d_err  = error - pid->err1;
   37   1          dd_err = error - 2 * pid->err1 + pid->err2;
   38   1      
   39   1          // 计算 PID 输出
   40   1          delta = 0.0;
   41   1          delta += pid->kp * d_err;        // P 项
   42   1          delta += pid->ki * error;        // I 项
   43   1          delta += pid->kd * dd_err;       // D 项
   44   1      
   45   1          // 更新输出
   46   1          new_out = pid->out + delta;
   47   1          pid->out = limit_float(new_out, OUT_MIN, OUT_MAX);  // 限制输出范围
   48   1      
   49   1          // 更新误差历史
   50   1          pid->err2 = pid->err1;
   51   1          pid->err1 = error;
   52   1      }
   53          
   54          
   55          
   56          volatile PID_tf servo_pidf = {
C251 COMPILER V5.60.0,  PID                                                                02/07/26  22:44:01  PAGE 2   

   57                          50.0f,  //P   65
   58                          0.0f,   //I
   59                          0.0f,   //D
   60                          0.20f,  //陀螺仪  0.23
   61                          0.0f,   //KP2
   62                          0.0f,                   
   63                          0.0f,                   
   64                          0.0f            
   65          };  // 初始值可以根据需要调整
   66          
   67          
   68          
   69          // 绝对值计算
   70          float abs_float(float x)
   71          {
   72   1          if (x < 0) return -x;
   73   1          return x;
   74   1      }
   75          
   76          // 简化版舵机PID控制
   77          void PID_servof(volatile PID_tf *pid)
   78          {
   79   1          // 1. 计算误差
   80   1          uint8 ref = controlReferenceLine;
   81   1          float err = (float)mid_line[ref] - (float)Mid_Col;//(float)err_sum - (float)Mid_Col;
   82   1          float duty;
   83   1          // 2. 计算输出 (只有P项 + 二次项 + 陀螺仪补偿)
   84   1          float p_out = pid->kp * err;
   85   1          float kp2_out = pid->kp2 * err * fabs(err);
   86   1          
   87   1          // 总输出 (减去陀螺仪补偿)
   88   1          pid->out = p_out + kp2_out - pid->kg * imu660ra_gyro_z;
   89   1          
   90   1          // 3. 输出限幅
   91   1          pid->out = limit_float(pid->out, OUT_MIN, OUT_MAX);
   92   1          
   93   1          // 4. 计算舵机占空比
   94   1          duty = (float)SERVO_DUTY_MID - pid->out;
   95   1          duty = limit_float(duty, SERVO_DUTY_MIN, SERVO_DUTY_MAX);
   96   1          
   97   1          Out_servo = (uint16)duty;
   98   1          
   99   1          // 5. 更新误差历史
  100   1          pid->err1 = err;
  101   1      }
  102          
  103          
  104          
*** WARNING C183 IN LINE 40 OF ..\code\PID.c: dead assignment eliminated
*** WARNING C183 IN LINE 80 OF ..\code\PID.c: dead assignment eliminated


Module Information          Static   Overlayable
------------------------------------------------
  code size            =    ------     ------
  ecode size           =       624     ------
  data size            =    ------     ------
  idata size           =    ------     ------
  pdata size           =    ------     ------
  xdata size           =       110         24
  xdata-const size     =    ------     ------
  edata size           =    ------     ------
  bit size             =    ------     ------
  ebit size            =    ------     ------
  bitaddressable size  =    ------     ------
  ebitaddressable size =    ------     ------
  far data size        =    ------     ------
C251 COMPILER V5.60.0,  PID                                                                02/07/26  22:44:01  PAGE 3   

  huge data size       =    ------     ------
  const size           =    ------     ------
  hconst size          =       130     ------
End of Module Information.


C251 COMPILATION COMPLETE.  2 WARNING(S),  0 ERROR(S)
